<?xml version="1.0" encoding="UTF-8"?>
<!-- Generated by org.testng.reporters.JUnitReportReporter -->
<testsuite hostname="RAJESH" name="com.login_pageTest.LoginPageTest" tests="1" failures="0" timestamp="3 Oct 2019 13:03:43 GMT" time="29.303" errors="0">
  <testcase name="loginTest" time="29.303" classname="com.login_pageTest.LoginPageTest"/>
</testsuite> <!-- com.login_pageTest.LoginPageTest -->
