<?xml version="1.0" encoding="UTF-8"?>
<!-- Generated by org.testng.reporters.JUnitReportReporter -->
<testsuite hostname="RAJESH" name="com.login_pageTest.LoginPageTest" tests="1" failures="0" timestamp="22 Sep 2019 13:36:42 GMT" time="26.871" errors="0">
  <testcase name="loginTest" time="26.871" classname="com.login_pageTest.LoginPageTest"/>
</testsuite> <!-- com.login_pageTest.LoginPageTest -->
