<?xml version="1.0" encoding="UTF-8"?>
<!-- Generated by org.testng.reporters.JUnitReportReporter -->
<testsuite hostname="RAJESH" name="com.login_pageTest.ApplestoreTest" tests="1" failures="0" timestamp="22 Sep 2019 13:49:12 GMT" time="268.041" errors="0">
  <testcase name="verify" time="268.041" classname="com.login_pageTest.ApplestoreTest"/>
</testsuite> <!-- com.login_pageTest.ApplestoreTest -->
