<?xml version="1.0" encoding="UTF-8"?>
<!-- Generated by org.testng.reporters.JUnitReportReporter -->
<testsuite hostname="RAJESH" name="com.login_pageTest.HomePageflipTest" tests="1" failures="0" timestamp="1 Sep 2019 09:51:02 GMT" time="158.300" errors="0">
  <testcase name="verifyHomepgae" time="158.300" classname="com.login_pageTest.HomePageflipTest"/>
</testsuite> <!-- com.login_pageTest.HomePageflipTest -->
