<?xml version="1.0" encoding="UTF-8"?>
<!-- Generated by org.testng.reporters.JUnitReportReporter -->
<testsuite hostname="RAJESH" name="com.login_pageTest.ApplestoreTest" tests="1" failures="0" timestamp="2 Sep 2019 13:44:54 GMT" time="168.769" errors="0">
  <testcase name="verify" time="168.769" classname="com.login_pageTest.ApplestoreTest"/>
</testsuite> <!-- com.login_pageTest.ApplestoreTest -->
